#######################################################################################
# log primitive debug message of FSDB dumping                                         #
# This is for R&D to analyze when there are issues happening when FSDB dump           #
#######################################################################################
ANF: vcsd_get_serial_mode_status('./vsim: undefined symbol: vcsd_get_serial_mode_status')
ANF: vcsd_enable_sva_success_callback('./vsim: undefined symbol: vcsd_enable_sva_success_callback')
ANF: vcsd_disable_sva_success_callback('./vsim: undefined symbol: vcsd_disable_sva_success_callback')
ANF: vcsd_get_power_scope_name('./vsim: undefined symbol: vcsd_get_power_scope_name')
ANF: vcsd_begin_no_value_var_info('./vsim: undefined symbol: vcsd_begin_no_value_var_info')
ANF: vcsd_end_no_value_var_info('./vsim: undefined symbol: vcsd_end_no_value_var_info')
ANF: vcsd_remove_xprop_merge_mode_callback('./vsim: undefined symbol: vcsd_remove_xprop_merge_mode_callback')
ANF: vhpi_get_cb_info('./vsim: undefined symbol: vhpi_get_cb_info')
ANF: vhpi_free_handle('./vsim: undefined symbol: vhpi_free_handle')
ANF: vhpi_fetch_vcsd_handle('./vsim: undefined symbol: vhpi_fetch_vcsd_handle')
ANF: vhpi_fetch_vpi_handle('./vsim: undefined symbol: vhpi_fetch_vpi_handle')
ANF: vhpi_has_verilog_parent('./vsim: undefined symbol: vhpi_has_verilog_parent')
ANF: vhpi_is_verilog_scope('./vsim: undefined symbol: vhpi_is_verilog_scope')
ANF: scsd_xprop_is_enabled('./vsim: undefined symbol: scsd_xprop_is_enabled')
ANF: scsd_xprop_sig_is_promoted('./vsim: undefined symbol: scsd_xprop_sig_is_promoted')
ANF: scsd_xprop_int_xvalue('./vsim: undefined symbol: scsd_xprop_int_xvalue')
ANF: scsd_xprop_bool_xvalue('./vsim: undefined symbol: scsd_xprop_bool_xvalue')
ANF: scsd_xprop_enum_xvalue('./vsim: undefined symbol: scsd_xprop_enum_xvalue')
ANF: scsd_xprop_register_merge_mode_cb('./vsim: undefined symbol: scsd_xprop_register_merge_mode_cb')
ANF: scsd_xprop_delete_merge_mode_cb('./vsim: undefined symbol: scsd_xprop_delete_merge_mode_cb')
ANF: scsd_xprop_get_merge_mode('./vsim: undefined symbol: scsd_xprop_get_merge_mode')
ANF: scsd_thread_get_info('./vsim: undefined symbol: scsd_thread_get_info')
ANF: scsd_thread_vc_init('./vsim: undefined symbol: scsd_thread_vc_init')
ANF: scsd_master_set_delta_sync_cbk('./vsim: undefined symbol: scsd_master_set_delta_sync_cbk')
ANF: scsd_fgp_get_fsdb_cores('./vsim: undefined symbol: scsd_fgp_get_fsdb_cores')
ANF: msvEnableDumpingMode('./vsim: undefined symbol: msvEnableDumpingMode')
ANF: msvGetVersion('./vsim: undefined symbol: msvGetVersion')
ANF: msvGetInstProp('./vsim: undefined symbol: msvGetInstProp')
ANF: msvIsSpiceEngineReady('./vsim: undefined symbol: msvIsSpiceEngineReady')
ANF: msvSetAddProbeCallback('./vsim: undefined symbol: msvSetAddProbeCallback')
ANF: msvGetInstHandle('./vsim: undefined symbol: msvGetInstHandle')
ANF: msvGetProbeByInst('./vsim: undefined symbol: msvGetProbeByInst')
ANF: msvGetSigHandle('./vsim: undefined symbol: msvGetSigHandle')
ANF: msvGetProbeBySig('./vsim: undefined symbol: msvGetProbeBySig')
ANF: msvGetProbeInfo('./vsim: undefined symbol: msvGetProbeInfo')
ANF: msvRelease('./vsim: undefined symbol: msvRelease')
ANF: msvSetVcCallbackFunc('./vsim: undefined symbol: msvSetVcCallbackFunc')
ANF: msvCheckVcCallback('./vsim: undefined symbol: msvCheckVcCallback')
ANF: msvAddVcCallback('./vsim: undefined symbol: msvAddVcCallback')
ANF: msvRemoveVcCallback('./vsim: undefined symbol: msvRemoveVcCallback')
ANF: msvGetLatestValue('./vsim: undefined symbol: msvGetLatestValue')
ANF: msvSetEndofSimCallback('./vsim: undefined symbol: msvSetEndofSimCallback')
ANF: msvIgnoredProbe('./vsim: undefined symbol: msvIgnoredProbe')
ANF: msvGetThruNetInfo('./vsim: undefined symbol: msvGetThruNetInfo')
ANF: msvFreeThruNetInfo('./vsim: undefined symbol: msvFreeThruNetInfo')
ANF: PI_ace_get_output_time_unit('./vsim: undefined symbol: PI_ace_get_output_time_unit')
ANF: PI_ace_sim_sync('./vsim: undefined symbol: PI_ace_sim_sync')
ANF: msvGetRereadInitFile('./vsim: undefined symbol: msvGetRereadInitFile')
ANF: msvSetBeforeRereadCallback('./vsim: undefined symbol: msvSetBeforeRereadCallback')
ANF: msvSetAfterRereadCallback('./vsim: undefined symbol: msvSetAfterRereadCallback')
ANF: msvSetForceCallback('./vsim: undefined symbol: msvSetForceCallback')
ANF: msvSetReleaseCallback('./vsim: undefined symbol: msvSetReleaseCallback')
ANF: msvGetForceStatus('./vsim: undefined symbol: msvGetForceStatus')
ANF: vhdi_dt_get_type('./vsim: undefined symbol: vhdi_dt_get_type')
ANF: vhdi_dt_get_key('./vsim: undefined symbol: vhdi_dt_get_key')
ANF: vhdi_dt_get_vhdl_enum_info('./vsim: undefined symbol: vhdi_dt_get_vhdl_enum_info')
ANF: vhdi_dt_get_vhdl_physical_info('./vsim: undefined symbol: vhdi_dt_get_vhdl_physical_info')
ANF: vhdi_dt_get_vhdl_array_info('./vsim: undefined symbol: vhdi_dt_get_vhdl_array_info')
ANF: vhdi_dt_get_vhdl_record_info('./vsim: undefined symbol: vhdi_dt_get_vhdl_record_info')
ANF: vhdi_def_traverse_module('./vsim: undefined symbol: vhdi_def_traverse_module')
ANF: vhdi_def_traverse_scope('./vsim: undefined symbol: vhdi_def_traverse_scope')
ANF: vhdi_def_traverse_variable('./vsim: undefined symbol: vhdi_def_traverse_variable')
ANF: vhdi_def_get_module_id_by_vhpi('./vsim: undefined symbol: vhdi_def_get_module_id_by_vhpi')
ANF: vhdi_def_get_handle_by_module_id('./vsim: undefined symbol: vhdi_def_get_handle_by_module_id')
ANF: vhdi_def_get_variable_info_by_vhpi('./vsim: undefined symbol: vhdi_def_get_variable_info_by_vhpi')
ANF: vhdi_def_free('./vsim: undefined symbol: vhdi_def_free')
ANF: vhdi_ist_traverse_scope('./vsim: undefined symbol: vhdi_ist_traverse_scope')
ANF: vhdi_ist_traverse_variable('./vsim: undefined symbol: vhdi_ist_traverse_variable')
ANF: vhdi_ist_convert_by_vhpi('./vsim: undefined symbol: vhdi_ist_convert_by_vhpi')
ANF: vhdi_ist_clone('./vsim: undefined symbol: vhdi_ist_clone')
ANF: vhdi_ist_free('./vsim: undefined symbol: vhdi_ist_free')
ANF: vhdi_ist_hash_key('./vsim: undefined symbol: vhdi_ist_hash_key')
ANF: vhdi_ist_compare('./vsim: undefined symbol: vhdi_ist_compare')
ANF: vhdi_ist_get_value_addr('./vsim: undefined symbol: vhdi_ist_get_value_addr')
ANF: vhdi_set_scsd_callback('./vsim: undefined symbol: vhdi_set_scsd_callback')
ANF: vhdi_cbk_set_force_callback('./vsim: undefined symbol: vhdi_cbk_set_force_callback')
ANF: vhdi_trigger_init_force('./vsim: undefined symbol: vhdi_trigger_init_force')
ANF: vhdi_ist_check_scsd_callback('./vsim: undefined symbol: vhdi_ist_check_scsd_callback')
ANF: vhdi_ist_add_scsd_callback('./vsim: undefined symbol: vhdi_ist_add_scsd_callback')
ANF: vhdi_ist_remove_scsd_callback('./vsim: undefined symbol: vhdi_ist_remove_scsd_callback')
ANF: vhdi_ist_get_scsd_user_data('./vsim: undefined symbol: vhdi_ist_get_scsd_user_data')
ANF: vhdi_add_time_change_callback('./vsim: undefined symbol: vhdi_add_time_change_callback')
ANF: vhdi_get_real_value_by_value_addr('./vsim: undefined symbol: vhdi_get_real_value_by_value_addr')
ANF: vhdi_get_64_value_by_value_addr('./vsim: undefined symbol: vhdi_get_64_value_by_value_addr')
ANF: vhdi_xprop_inst_is_promoted('./vsim: undefined symbol: vhdi_xprop_inst_is_promoted')
ANF: vdi_ist_convert_by_vhdi('./vsim: undefined symbol: vdi_ist_convert_by_vhdi')
ANF: vhdi_ist_get_module_id('./vsim: undefined symbol: vhdi_ist_get_module_id')
ANF: vhdi_refine_foreign_scope_type('./vsim: undefined symbol: vhdi_refine_foreign_scope_type')
ANF: vhdi_flush_callback('./vsim: undefined symbol: vhdi_flush_callback')
ANF: vhdi_set_orig_name('./vsim: undefined symbol: vhdi_set_orig_name')
ANF: vhdi_set_dump_pt('./vsim: undefined symbol: vhdi_set_dump_pt')
ANF: vhdi_get_fsdb_option('./vsim: undefined symbol: vhdi_get_fsdb_option')
ANF: vhdi_fgp_get_mode('./vsim: undefined symbol: vhdi_fgp_get_mode')
ANF: vhdi_node_register_composite_var('./vsim: undefined symbol: vhdi_node_register_composite_var')
ANF: vhdi_node_analysis('./vsim: undefined symbol: vhdi_node_analysis')
ANF: vhdi_node_id('./vsim: undefined symbol: vhdi_node_id')
ANF: vhdi_node_ist_check_scsd_callback('./vsim: undefined symbol: vhdi_node_ist_check_scsd_callback')
ANF: vhdi_node_ist_add_scsd_callback('./vsim: undefined symbol: vhdi_node_ist_add_scsd_callback')
ANF: vhdi_node_ist_get_value_addr('./vsim: undefined symbol: vhdi_node_ist_get_value_addr')
VCS compile option:
 option[0]: ./vsim
 option[1]: -sverilog
 option[2]: +plusargs_save
 option[3]: +seed=776998298
 option[4]: -l
 option[5]: /home/ICer/AMBA/rtl/async/run/sim.log
 option[6]: -ucli
 option[7]: -i
 option[8]: /home/ICer/AMBA/script/dumpfsdb.tcl
 option[9]: /home/synopsys/vcs/O-2018.09-SP2/linux64/bin/vcs1
 option[10]: -Mcc=gcc
 option[11]: -Mcplusplus=g++
 option[12]: -Masflags=
 option[13]: -Mcfl= -pipe -fPIC -O -I/home/synopsys/vcs/O-2018.09-SP2/include 
 option[14]: -Mxcflags= -pipe -fPIC -I/home/synopsys/vcs/O-2018.09-SP2/include
 option[15]: -Mldflags= -rdynamic 
 option[16]: -Mout=vsim
 option[17]: -Mamsrun=
 option[18]: -Mvcsaceobjs=
 option[19]: -Mobjects= /home/synopsys/vcs/O-2018.09-SP2/linux64/lib/libvirsim.so /home/synopsys/vcs/O-2018.09-SP2/linux64/lib/liberrorinf.so /home/synopsys/vcs/O-2018.09-SP2/linux64/lib/libsnpsmalloc.so /home/synopsys/vcs/O-2018.09-SP2/linux64/lib/libvfs.so 
 option[20]: -Mexternalobj=
 option[21]: -Msaverestoreobj=/home/synopsys/vcs/O-2018.09-SP2/linux64/lib/vcs_save_restore_new.o
 option[22]: -Mcrt0=
 option[23]: -Mcrtn=
 option[24]: -Mcsrc=
 option[25]: -Mupdate
 option[26]: -Msyslibs=-ldl 
 option[27]: -l
 option[28]: /home/ICer/AMBA/rtl/async/run/comp.log
 option[29]: -full64
 option[30]: -timescale=1ns/10ps
 option[31]: -o
 option[32]: vsim
 option[33]: -top
 option[34]: tb_top
 option[35]: -debug_access+all+bc
 option[36]: +vpi
 option[37]: +vcsd
 option[38]: +memcbk
 option[39]: +itf+/home/synopsys/vcs/O-2018.09-SP2/linux64/lib/vcsdp.tab
 option[40]: -debug_region+cell
 option[41]: -lca
 option[42]: -kdb
 option[43]: -Xufe=2steps
 option[44]: -picarchive
 option[45]: -sverilog
 option[46]: -gen_obj
 option[47]: -f
 option[48]: /home/ICer/AMBA/rtl/async/sim.f
 option[49]: timescale=1ns/10ps
Chronologic Simulation VCS Release O-2018.09-SP2_Full64
Linux 3.10.0-1160.53.1.el7.x86_64 #1 SMP Fri Jan 14 13:59:45 UTC 2022 x86_64
CPU cores: 6
Limit information:
======================================
cputime		unlimited
filesize		unlimited
datasize		unlimited
stacksize		8192 kbytes
coredumpsize		0 kbytes
memoryuse		unlimited
vmemoryuse		unlimited
descriptors		4096
memorylocked		64 kbytes
maxproc		4096
======================================
(Special)Runtime environment variables:

Runtime environment variables:
XDG_VTNR=1
LC_PAPER=zh_CN.UTF-8
XDG_SESSION_ID=1
SSH_AGENT_PID=3322
LC_MONETARY=zh_CN.UTF-8
HOSTNAME=IC_EDA
IMSETTINGS_INTEGRATE_DESKTOP=yes
dumpfsdb=/home/ICer/AMBA/script/dumpfsdb.tcl
XDG_MENU_PREFIX=gnome-
SHELL=/bin/bash
TERM=xterm-256color
VTE_VERSION=5204
HISTSIZE=1000
DESIGNWARE_HOME=/home/ICer/designware
GNOME_TERMINAL_SCREEN=/org/gnome/Terminal/screen/fca76863_3b05_493c_95a6_86d5b0a221cb
QUESTASIM_HOME=/home/mentor/questasim
LC_NUMERIC=zh_CN.UTF-8
QTDIR=/usr/lib/qt-3.3
OLDPWD=/home/ICer/AMBA/rtl/async
QTINC=/usr/lib/qt-3.3/include
QT_GRAPHICSSYSTEM_CHECKED=1
IMSETTINGS_MODULE=none
USER=ICer
LS_COLORS=rs=0:di=38;5;27:ln=38;5;51:mh=44;38;5;15:pi=40;38;5;11:so=38;5;13:do=38;5;5:bd=48;5;232;38;5;11:cd=48;5;232;38;5;3:or=48;5;232;38;5;9:mi=05;48;5;232;38;5;15:su=48;5;196;38;5;15:sg=48;5;11;38;5;16:ca=48;5;196;38;5;226:tw=48;5;10;38;5;16:ow=48;5;10;38;5;21:st=48;5;21;38;5;15:ex=38;5;34:*.tar=38;5;9:*.tgz=38;5;9:*.arc=38;5;9:*.arj=38;5;9:*.taz=38;5;9:*.lha=38;5;9:*.lz4=38;5;9:*.lzh=38;5;9:*.lzma=38;5;9:*.tlz=38;5;9:*.txz=38;5;9:*.tzo=38;5;9:*.t7z=38;5;9:*.zip=38;5;9:*.z=38;5;9:*.Z=38;5;9:*.dz=38;5;9:*.gz=38;5;9:*.lrz=38;5;9:*.lz=38;5;9:*.lzo=38;5;9:*.xz=38;5;9:*.bz2=38;5;9:*.bz=38;5;9:*.tbz=38;5;9:*.tbz2=38;5;9:*.tz=38;5;9:*.deb=38;5;9:*.rpm=38;5;9:*.jar=38;5;9:*.war=38;5;9:*.ear=38;5;9:*.sar=38;5;9:*.rar=38;5;9:*.alz=38;5;9:*.ace=38;5;9:*.zoo=38;5;9:*.cpio=38;5;9:*.7z=38;5;9:*.rz=38;5;9:*.cab=38;5;9:*.jpg=38;5;13:*.jpeg=38;5;13:*.gif=38;5;13:*.bmp=38;5;13:*.pbm=38;5;13:*.pgm=38;5;13:*.ppm=38;5;13:*.tga=38;5;13:*.xbm=38;5;13:*.xpm=38;5;13:*.tif=38;5;13:*.tiff=38;5;13:*.png=38;5;13:*.svg=38;5;13:*.svgz=38;5;13:*.mng=38;5;13:*.pcx=38;5;13:*.mov=38;5;13:*.mpg=38;5;13:*.mpeg=38;5;13:*.m2v=38;5;13:*.mkv=38;5;13:*.webm=38;5;13:*.ogm=38;5;13:*.mp4=38;5;13:*.m4v=38;5;13:*.mp4v=38;5;13:*.vob=38;5;13:*.qt=38;5;13:*.nuv=38;5;13:*.wmv=38;5;13:*.asf=38;5;13:*.rm=38;5;13:*.rmvb=38;5;13:*.flc=38;5;13:*.avi=38;5;13:*.fli=38;5;13:*.flv=38;5;13:*.gl=38;5;13:*.dl=38;5;13:*.xcf=38;5;13:*.xwd=38;5;13:*.yuv=38;5;13:*.cgm=38;5;13:*.emf=38;5;13:*.axv=38;5;13:*.anx=38;5;13:*.ogv=38;5;13:*.ogx=38;5;13:*.aac=38;5;45:*.au=38;5;45:*.flac=38;5;45:*.mid=38;5;45:*.midi=38;5;45:*.mka=38;5;45:*.mp3=38;5;45:*.mpc=38;5;45:*.ogg=38;5;45:*.ra=38;5;45:*.wav=38;5;45:*.axa=38;5;45:*.oga=38;5;45:*.spx=38;5;45:*.xspf=38;5;45:*.v=01;33:*.sv=01;33:*.f=01;95:*README=01;31:*.lib=01;37:
LD_LIBRARY_PATH=:/home/synopsys/verdi/Verdi_O-2018.09-SP2/share/PLI/lib/LINUX64:/home/synopsys/verdi/Verdi_O-2018.09-SP2/share/PLI/IUS/LINUX64/boot
GNOME_TERMINAL_SERVICE=:1.104
SSH_AUTH_SOCK=/run/user/1000/keyring/ssh
DVE_HOME=/home/synopsys/vcs/O-2018.09-SP2
USERNAME=ICer
SESSION_MANAGER=local/unix:@/tmp/.ICE-unix/3190,unix/unix:/tmp/.ICE-unix/3190
SNPSLMD_LICENSE_FILE=27000@IC_EDA
GNOME_SHELL_SESSION_MODE=classic
DESKTOP_SESSION=gnome-classic
MAIL=/var/spool/mail/ICer
PATH=/usr/lib/qt-3.3/bin:/usr/local/bin:/usr/local/sbin:/usr/bin:/usr/sbin:/bin:/sbin:/home/synopsys/pts/O-2018.06-SP1/bin:/home/synopsys/syn/O-2018.06-SP1/bin:/home/synopsys/lc/O-2018.06-SP1/bin:/home/synopsys/SpyGlass-L2016.06/SPYGLASS_HOME//bin:/home/synopsys/vcs/O-2018.09-SP2/gui/dve/bin:/home/synopsys/vcs/O-2018.09-SP2/bin:/home/synopsys/verdi/Verdi_O-2018.09-SP2/bin:/home/synopsys/verdi/Verdi_O-2018.09-SP2/platform/LINUX/bin:/home/synopsys/scl/2018.06/linux64/bin::/home/mentor/questasim/linux_x86_64
PT_HOME=/home/synopsys/pts/O-2018.06-SP1
QT_IM_MODULE=ibus
VERDI_HOME=/home/synopsys/verdi/Verdi_O-2018.09-SP2
PWD=/home/ICer/AMBA/rtl/async/run
XDG_SESSION_TYPE=x11
proj=/home/ICer/AMBA
XMODIFIERS=@im=ibus
VCS_HOME=/home/synopsys/vcs/O-2018.09-SP2
LANG=zh_CN.UTF-8
GDM_LANG=zh_CN.UTF-8
LC_MEASUREMENT=zh_CN.UTF-8
KDEDIRS=/usr
VCS_ARCH_OVERRIDE=linux
GDMSESSION=gnome-classic
HISTCONTROL=ignoredups
HOME=/home/ICer
SHLVL=3
XDG_SEAT=seat0
GNOME_DESKTOP_SESSION_ID=this-is-deprecated
LOGNAME=ICer
XDG_SESSION_DESKTOP=gnome-classic
DC_HOME=/home/synopsys/syn/O-2018.06-SP1
QTLIB=/usr/lib/qt-3.3/lib
SPYGLASS_HOME=/home/synopsys/SpyGlass-L2016.06/SPYGLASS_HOME/
MGLS_LICENSE_FILE=/home/mentor/questasim/mentor.dat
DBUS_SESSION_BUS_ADDRESS=unix:abstract=/tmp/dbus-WUvkrCQxpB,guid=d640c79a5300b541f170e91f64055f87
XDG_DATA_DIRS=/home/ICer/.local/share/flatpak/exports/share/:/var/lib/flatpak/exports/share/:/usr/local/share/:/usr/share/
LESSOPEN=||/usr/bin/lesspipe.sh %s
SCL_HOME=/home/synopsys/scl/2018.06
WINDOWPATH=1
DISPLAY=:0
XDG_RUNTIME_DIR=/run/user/1000
QT_PLUGIN_PATH=/usr/lib64/kde4/plugins:/usr/lib/kde4/plugins
LC_HOME=/home/synopsys/lc/O-2018.06-SP1
XDG_CURRENT_DESKTOP=GNOME-Classic:GNOME
LC_TIME=zh_CN.UTF-8
XAUTHORITY=/run/gdm/auth-for-ICer-KmwsSc/database
COLORTERM=truecolor
_=./vsim
VCS_HEAP_EXEC=true
VCS_PATHMAP_PRELOAD_DONE=1
VCS_STACK_EXEC=true
VCS_EXEC_DONE=1
LC_ALL=C
DVE=/home/synopsys/vcs/O-2018.09-SP2/gui/dve
SPECMAN_OUTPUT_TO_TTY=1
Runtime command line arguments:
argv[0]=./vsim
argv[1]=-sverilog
argv[2]=+plusargs_save
argv[3]=+seed=776998298
argv[4]=-l
argv[5]=/home/ICer/AMBA/rtl/async/run/sim.log
argv[6]=-ucli
argv[7]=-i
argv[8]=/home/ICer/AMBA/script/dumpfsdb.tcl
264 profile - 100
          CPU/Mem usage: 0.010 sys,  0.140 user,  320.76M mem
265 Mon Mar  6 12:53:05 2023
266 pliAppInit
267 FSDB_GATE is set.
268 FSDB_RTL is set.
269 Enable Parallel Dumping.
270 pliAppMiscSet: New Sim Round
271 pliEntryInit
272 LIBSSCORE=found /home/synopsys/verdi/Verdi_O-2018.09-SP2/share/PLI/lib/LINUXAMD64/libsscore_vcs201809.so through $NOVAS_HOME setting.
273 FSDB Dumper for VCS, Release Verdi_O-2018.09-SP2, Linux x86_64/64bit, 02/21/2019
274 (C) 1996 - 2019 by Synopsys, Inc.
275 sps_tcl_fsdbDumpfile_main at 0
276 argv[0]: vsim.fsdb
277 *Verdi* FSDB WARNING: The FSDB file already exists. Overwriting the FSDB file may crash the programs that are using this file.
278 *Verdi* : Create FSDB file 'vsim.fsdb'
279 compile option from '/home/ICer/AMBA/rtl/async/run/vsim.daidir/vcs_rebuild'.
280   "vcs '-full64' '-sverilog' '-Mupdate' '-timescale=1ns/10ps' '-o' 'vsim' '-top' 'tb_top' '-f' '/home/ICer/AMBA/rtl/async/sim.f' '-l' '/home/ICer/AMBA/rtl/async/run/comp.log' '-debug_all' '-lca' '-kdb' 2>&1"
281 FSDB_VCS_ENABLE_FAST_VC is enable
282 sps_tcl_fsdbDumpvars_vd_main
283 [spi_vcs_vd_ppi_create_root]: no upf option
284 FSDB dumper cannot dump UPF related power signal ($power_tree): no ppiPowerNetwork.
285 *Verdi* : Begin traversing the scopes, layer (0).
286 *Verdi* : End of traversing.
287 pliAppHDL_DumpVarComplete traverse var: profile - 
          CPU/Mem usage: 0.010 sys,  0.150 user,  415.91M mem
                   incr: 0.000 sys,  0.000 user,  7.62M mem
                   accu: 0.000 sys,  0.000 user,  7.62M mem
              accu incr: 0.000 sys,  0.000 user,  7.62M mem

          Count usage: 18 var,  18 idcode,  13 callback
                 incr: 18 var,  18 idcode,  13 callback
                 accu: 18 var,  18 idcode,  13 callback
            accu incr: 18 var,  18 idcode,  13 callback
288 Mon Mar  6 12:53:05 2023
289 pliAppHDL_DumpVarComplete: profile - 
          CPU/Mem usage: 0.010 sys,  0.150 user,  416.96M mem
                   incr: 0.000 sys,  0.000 user,  1.05M mem
                   accu: 0.000 sys,  0.000 user,  8.67M mem
              accu incr: 0.000 sys,  0.000 user,  1.05M mem

          Count usage: 18 var,  18 idcode,  13 callback
                 incr: 0 var,  0 idcode,  0 callback
                 accu: 18 var,  18 idcode,  13 callback
            accu incr: 0 var,  0 idcode,  0 callback
290 Mon Mar  6 12:53:05 2023
291 sps_tcl_fsdbDumpsva_vd_main at 0 : N/A(0)
292 *Verdi* : Begin traversing the SVA assertions, layer (0).
293 *Verdi* : End of traversing the SVA assertions.
294 pliAppHDL_DumpSVAComplete traverse var: profile - 
          CPU/Mem usage: 0.010 sys,  0.150 user,  416.96M mem
                   incr: 0.000 sys,  0.000 user,  0.00M mem
                   accu: 0.000 sys,  0.000 user,  0.00M mem
              accu incr: 0.000 sys,  0.000 user,  0.00M mem

          Count usage: 18 var,  18 idcode,  13 callback
                 incr: 0 var,  0 idcode,  0 callback
                 accu: 0 var,  0 idcode,  0 callback
            accu incr: 0 var,  0 idcode,  0 callback
295 Mon Mar  6 12:53:05 2023
296 pliAppHDL_DumpSVAComplete: profile - 
          CPU/Mem usage: 0.010 sys,  0.150 user,  416.96M mem
                   incr: 0.000 sys,  0.000 user,  0.00M mem
                   accu: 0.000 sys,  0.000 user,  0.00M mem
              accu incr: 0.000 sys,  0.000 user,  0.00M mem

          Count usage: 18 var,  18 idcode,  13 callback
                 incr: 0 var,  0 idcode,  0 callback
                 accu: 0 var,  0 idcode,  0 callback
            accu incr: 0 var,  0 idcode,  0 callback
297 Mon Mar  6 12:53:05 2023
298 sps_tcl_fsdbDumpMDA_vd_main at 0
299 *Verdi* : Begin traversing the MDAs, layer (0).
300 *Verdi* : Enable +mda and +packedmda dumping.
301 *Verdi* : End of traversing the MDAs.
302 pliAppHDL_DumpVarComplete traverse var: profile - 
          CPU/Mem usage: 0.010 sys,  0.150 user,  416.96M mem
                   incr: 0.000 sys,  0.000 user,  0.00M mem
                   accu: 0.000 sys,  0.000 user,  0.00M mem
              accu incr: 0.000 sys,  0.000 user,  0.00M mem

          Count usage: 18 var,  18 idcode,  13 callback
                 incr: 0 var,  0 idcode,  0 callback
                 accu: 0 var,  0 idcode,  0 callback
            accu incr: 0 var,  0 idcode,  0 callback
303 Mon Mar  6 12:53:05 2023
304 pliAppHDL_DumpVarComplete: profile - 
          CPU/Mem usage: 0.010 sys,  0.150 user,  416.96M mem
                   incr: 0.000 sys,  0.000 user,  0.00M mem
                   accu: 0.000 sys,  0.000 user,  0.00M mem
              accu incr: 0.000 sys,  0.000 user,  0.00M mem

          Count usage: 18 var,  18 idcode,  13 callback
                 incr: 0 var,  0 idcode,  0 callback
                 accu: 0 var,  0 idcode,  0 callback
            accu incr: 0 var,  0 idcode,  0 callback
305 Mon Mar  6 12:53:05 2023
306 End of simulation at 3100070
307 Mon Mar  6 12:53:05 2023
308 Begin FSDB profile info:
309 FSDB Writer : bc1(62010) bcn(334) mtf/stf(0/0)
FSDB Writer elapsed time : flush(0.002431) io wait(0.000000) theadpool wait(0.000000) target functin(0.000000)
FSDB Writer cpu time : MT Compression : 0
310 End FSDB profile info
311 Parallel profile    -  Flush:5 Expand:0 ProduceWait:0 ConsumerWait:0 BlockUsed:0
312                        ProduceTime:0.178577712 ConsumerTime:0.000000000 Buffer:64MB
313 SimExit
314 Sim process exit
